
DEBUG:07-20-2015 23:12:48:main:



			 ---- Restarting MakerPass ------




DEBUG:07-20-2015 23:12:48:main:Creating Shared mem
DEBUG:07-20-2015 23:12:48:main:Cluster Controller for this machine = MASTER_CONTROLLER
DEBUG:07-20-2015 23:12:48:main:Instantiating Machine Objects
DEBUG:07-20-2015 23:12:48:main:Creating machine ID: CNC in Room 1
Paired With Plug: WeMo Insight in CNC Room 1

DEBUG:07-20-2015 23:12:48:MachinePlugCreator:Instantiating a WEMO_INSIGHT machine

DEBUG:07-20-2015 23:12:48:ouimeaux.discovery:Binding datagram server to 192.168.1.201:54321
INFO:07-20-2015 23:12:48:ouimeaux.environment:Discovering devices
DEBUG:07-20-2015 23:12:48:ouimeaux.discovery:Broadcasting M-SEARCH to 239.255.255.250:1900
DEBUG:07-20-2015 23:12:48:ouimeaux.discovery:Received a response from 192.168.1.1:1900
DEBUG:07-20-2015 23:12:49:ouimeaux.discovery:Received a response from 192.168.1.1:1900
DEBUG:07-20-2015 23:12:49:ouimeaux.discovery:Broadcasting M-SEARCH to 239.255.255.250:1900
DEBUG:07-20-2015 23:12:49:ouimeaux.discovery:Received a response from 192.168.1.4:1900
DEBUG:07-20-2015 23:12:49:ouimeaux.discovery:Received a response from 192.168.1.1:1900
DEBUG:07-20-2015 23:12:49:ouimeaux.discovery:Received a response from 192.168.1.1:1900
DEBUG:07-20-2015 23:12:50:ouimeaux.discovery:Broadcasting M-SEARCH to 239.255.255.250:1900
DEBUG:07-20-2015 23:12:50:ouimeaux.discovery:Received a response from 192.168.1.1:1900
DEBUG:07-20-2015 23:12:50:ouimeaux.discovery:Received a response from 192.168.1.1:1900
DEBUG:07-20-2015 23:12:51:ouimeaux.discovery:Received a response from 192.168.1.4:1900
DEBUG:07-20-2015 23:12:51:MachinePlug_WemoInsight:Unable to get switch:  WEMO CNC ROOM
DEBUG:07-20-2015 23:12:51:main:Failed to Instantiate machine:  CNC in Room 1
DEBUG:07-20-2015 23:12:51:main:Exception:  
DEBUG:07-20-2015 23:12:51:main:Creating machine ID: Laser in Laser Room
Paired With Plug: WeMo Insight in Laser Room 1

DEBUG:07-20-2015 23:12:52:MachinePlugCreator:Instantiating a WEMO_INSIGHT machine

DEBUG:07-20-2015 23:12:52:MachinePlug_WemoInsight:Unable to get switch:  WEMO LASER ROOM
DEBUG:07-20-2015 23:12:52:main:Failed to Instantiate machine:  Laser in Laser Room
DEBUG:07-20-2015 23:12:52:main:Exception:  
DEBUG:07-20-2015 23:12:52:main:Creating machine ID: test machine 
Paired With Plug: This is a test plug

DEBUG:07-21-2015 22:30:43:MachinePlugCreator:Instantiating a TEST_BRAND machine

DEBUG:07-21-2015 22:30:43:main:Creating machine ID: machine controlled by gpio 17
Paired With Plug: plug controlled from r-pi gpio 17

DEBUG:07-21-2015 22:30:44:MachinePlugCreator:Instantiating a GPIO machine

DEBUG:07-21-2015 22:30:44:MachinePlug_GPIO: MachinePlug_GPIO using gpio number 17
DEBUG:07-21-2015 22:30:44:main:Creating machine ID: machine controlled by gpio 27
Paired With Plug: plug controlled from r-pi gpio 27

DEBUG:07-21-2015 22:30:44:MachinePlugCreator:Instantiating a GPIO machine

DEBUG:07-21-2015 22:30:44:MachinePlug_GPIO: MachinePlug_GPIO using gpio number 27
DEBUG:07-21-2015 22:30:44:main:Spawning PLNU magstripe handler process
DEBUG:07-21-2015 22:30:44:main:Spawning Pipe scan handler process
DEBUG:07-21-2015 22:30:44:PLNU_IDCardSwipe:Opening STMMicroelectronics Keyboard device for PLNU magstripe swipe
DEBUG:07-21-2015 22:30:44:PLNU_IDCardSwipe:Device name: /dev/hidraw1
DEBUG:07-21-2015 22:30:44:main:Entering main processing loop...
